
SQL*Loader: Release 11.2.0.2.0 - Production on Thu Mar 29 17:29:29 2018

Copyright (c) 1982, 2009, Oracle and/or its affiliates.  All rights reserved.

Control File:   roster.ctl
Data File:      roster.csv
  Bad File:     roster.bad
  Discard File:  none specified
 
 (Allow all discards)

Number to load: ALL
Number to skip: 0
Errors allowed: 50
Bind array:     64 rows, maximum of 256000 bytes
Continuation:    none specified
Path used:      Conventional

Table ROSTER, loaded from every logical record.
Insert option in effect for this table: INSERT

   Column Name                  Position   Len  Term Encl Datatype
------------------------------ ---------- ----- ---- ---- ---------------------
JERSEY                              FIRST     *   ,  O(") CHARACTER            
LAST_NAME                            NEXT     *   ,  O(") CHARACTER            
FIRST_NAME                           NEXT     *   ,  O(") CHARACTER            
POSITION                             NEXT     *   ,  O(") CHARACTER            
HT_F                                 NEXT     *   ,  O(") CHARACTER            
HT_I                                 NEXT     *   ,  O(") CHARACTER            
WEIGHT                               NEXT     *   ,  O(") CHARACTER            
CLASS                                NEXT     *   ,  O(") CHARACTER            
CITY                                 NEXT     *   ,  O(") CHARACTER            
STATE_ABV                            NEXT     *   ,  O(") CHARACTER            


Table ROSTER:
  1 Row successfully loaded.
  0 Rows not loaded due to data errors.
  0 Rows not loaded because all WHEN clauses were failed.
  0 Rows not loaded because all fields were null.


Space allocated for bind array:                 165120 bytes(64 rows)
Read   buffer bytes: 1048576

Total logical records skipped:          0
Total logical records read:             1
Total logical records rejected:         0
Total logical records discarded:        0

Run began on Thu Mar 29 17:29:29 2018
Run ended on Thu Mar 29 17:29:29 2018

Elapsed time was:     00:00:00.33
CPU time was:         00:00:00.05
