
SQL*Loader: Release 11.2.0.2.0 - Production on Thu Mar 29 17:29:27 2018

Copyright (c) 1982, 2009, Oracle and/or its affiliates.  All rights reserved.

Control File:   statesinfo.ctl
Data File:      statesinfo.csv
  Bad File:     statesinfo.bad
  Discard File:  none specified
 
 (Allow all discards)

Number to load: ALL
Number to skip: 0
Errors allowed: 50
Bind array:     64 rows, maximum of 256000 bytes
Continuation:    none specified
Path used:      Conventional

Table STATESINFO, loaded from every logical record.
Insert option in effect for this table: INSERT

   Column Name                  Position   Len  Term Encl Datatype
------------------------------ ---------- ----- ---- ---- ---------------------
STATE_ABV                           FIRST     *   ,  O(") CHARACTER            
REGION_CODE                          NEXT     *   ,  O(") CHARACTER            
STATE_NAME                           NEXT     *   ,  O(") CHARACTER            

SQL*Loader-601: For INSERT option, table must be empty.  Error on table STATESINFO
